<?xml version="1.0" encoding="UTF-8"?>
<testsuite name="solution2_optimized_simplified.WaterHistogramTest" tests="4" skipped="0" failures="0" errors="0" timestamp="2019-07-30T08:31:13" hostname="LDNTRNML010087.local" time="0.008">
  <properties/>
  <testcase name="simpleTest1" classname="solution2_optimized_simplified.WaterHistogramTest" time="0.005"/>
  <testcase name="simpleTest2" classname="solution2_optimized_simplified.WaterHistogramTest" time="0.0"/>
  <testcase name="simpleTest3" classname="solution2_optimized_simplified.WaterHistogramTest" time="0.0"/>
  <testcase name="simpleTest4" classname="solution2_optimized_simplified.WaterHistogramTest" time="0.001"/>
  <system-out><![CDATA[0
0
2
2
2
2
2
0
0
1
1
1
1
1
2
2
2
2
2
2
2
0
2
2
2
3
3
3
3
3
3
3
3
]]></system-out>
  <system-err><![CDATA[]]></system-err>
</testsuite>
